Tue Jul  4 23:52:20 2023
-----------------------
ERROR ERROR ERROR: An invalid part was returned for graphSize 4 and #qrt 120
quartet 0: 1,2|5,6 converted to 3,0|1,2
quartet 1: 1,5|2,6 converted to 3,1|0,2
quartet 2: 1,6|2,5 converted to 3,2|0,1
quartet 3: 1,2|6,5 converted to 3,0|2,1
quartet 4: 1,6|2,5 converted to 3,2|0,1
quartet 5: 1,5|2,6 converted to 3,1|0,2
quartet 6: 1,2|6,5 converted to 3,0|2,1
quartet 7: 1,6|2,5 converted to 3,2|0,1
quartet 8: 1,5|2,6 converted to 3,1|0,2
quartet 9: 1,2|6,5 converted to 3,0|2,1
quartet 10: 1,6|2,5 converted to 3,2|0,1
quartet 11: 1,5|2,6 converted to 3,1|0,2
quartet 12: 1,2|6,5 converted to 3,0|2,1
quartet 13: 1,6|2,5 converted to 3,2|0,1
quartet 14: 1,5|2,6 converted to 3,1|0,2
quartet 15: 1,2|6,5 converted to 3,0|2,1
quartet 16: 1,6|2,5 converted to 3,2|0,1
quartet 17: 1,5|2,6 converted to 3,1|0,2
quartet 18: 1,2|6,5 converted to 3,0|2,1
quartet 19: 1,6|2,5 converted to 3,2|0,1
quartet 20: 1,5|2,6 converted to 3,1|0,2
quartet 21: 1,2|6,5 converted to 3,0|2,1
quartet 22: 1,6|2,5 converted to 3,2|0,1
quartet 23: 1,5|2,6 converted to 3,1|0,2
quartet 24: 1,2|5,6 converted to 3,0|1,2
quartet 25: 1,5|2,6 converted to 3,1|0,2
quartet 26: 1,6|2,5 converted to 3,2|0,1
quartet 27: 1,2|6,5 converted to 3,0|2,1
quartet 28: 1,6|2,5 converted to 3,2|0,1
quartet 29: 1,5|2,6 converted to 3,1|0,2
quartet 30: 1,2|6,5 converted to 3,0|2,1
quartet 31: 1,6|2,5 converted to 3,2|0,1
quartet 32: 1,5|2,6 converted to 3,1|0,2
quartet 33: 1,2|6,5 converted to 3,0|2,1
quartet 34: 1,6|2,5 converted to 3,2|0,1
quartet 35: 1,5|2,6 converted to 3,1|0,2
quartet 36: 1,2|6,5 converted to 3,0|2,1
quartet 37: 1,6|2,5 converted to 3,2|0,1
quartet 38: 1,5|2,6 converted to 3,1|0,2
quartet 39: 1,2|6,5 converted to 3,0|2,1
quartet 40: 1,6|2,5 converted to 3,2|0,1
quartet 41: 1,5|2,6 converted to 3,1|0,2
quartet 42: 1,2|6,5 converted to 3,0|2,1
quartet 43: 1,6|2,5 converted to 3,2|0,1
quartet 44: 1,5|2,6 converted to 3,1|0,2
quartet 45: 1,2|6,5 converted to 3,0|2,1
quartet 46: 1,6|2,5 converted to 3,2|0,1
quartet 47: 1,5|2,6 converted to 3,1|0,2
quartet 48: 1,2|5,6 converted to 3,0|1,2
quartet 49: 1,5|2,6 converted to 3,1|0,2
quartet 50: 1,6|2,5 converted to 3,2|0,1
quartet 51: 1,2|6,5 converted to 3,0|2,1
quartet 52: 1,6|2,5 converted to 3,2|0,1
quartet 53: 1,5|2,6 converted to 3,1|0,2
quartet 54: 1,2|6,5 converted to 3,0|2,1
quartet 55: 1,6|2,5 converted to 3,2|0,1
quartet 56: 1,5|2,6 converted to 3,1|0,2
quartet 57: 1,2|6,5 converted to 3,0|2,1
quartet 58: 1,6|2,5 converted to 3,2|0,1
quartet 59: 1,5|2,6 converted to 3,1|0,2
quartet 60: 1,2|6,5 converted to 3,0|2,1
quartet 61: 1,6|2,5 converted to 3,2|0,1
quartet 62: 1,5|2,6 converted to 3,1|0,2
quartet 63: 1,2|6,5 converted to 3,0|2,1
quartet 64: 1,6|2,5 converted to 3,2|0,1
quartet 65: 1,5|2,6 converted to 3,1|0,2
quartet 66: 1,2|6,5 converted to 3,0|2,1
quartet 67: 1,6|2,5 converted to 3,2|0,1
quartet 68: 1,5|2,6 converted to 3,1|0,2
quartet 69: 1,2|6,5 converted to 3,0|2,1
quartet 70: 1,6|2,5 converted to 3,2|0,1
quartet 71: 1,5|2,6 converted to 3,1|0,2
quartet 72: 1,5|6,2 converted to 3,1|2,0
quartet 73: 1,6|5,2 converted to 3,2|1,0
quartet 74: 1,2|5,6 converted to 3,0|1,2
quartet 75: 1,5|6,2 converted to 3,1|2,0
quartet 76: 1,6|5,2 converted to 3,2|1,0
quartet 77: 1,2|5,6 converted to 3,0|1,2
quartet 78: 1,6|5,2 converted to 3,2|1,0
quartet 79: 1,5|6,2 converted to 3,1|2,0
quartet 80: 1,2|6,5 converted to 3,0|2,1
quartet 81: 1,6|5,2 converted to 3,2|1,0
quartet 82: 1,5|6,2 converted to 3,1|2,0
quartet 83: 1,2|6,5 converted to 3,0|2,1
quartet 84: 1,6|5,2 converted to 3,2|1,0
quartet 85: 1,5|6,2 converted to 3,1|2,0
quartet 86: 1,2|6,5 converted to 3,0|2,1
quartet 87: 1,6|5,2 converted to 3,2|1,0
quartet 88: 1,5|6,2 converted to 3,1|2,0
quartet 89: 1,2|6,5 converted to 3,0|2,1
quartet 90: 1,6|5,2 converted to 3,2|1,0
quartet 91: 1,5|6,2 converted to 3,1|2,0
quartet 92: 1,2|6,5 converted to 3,0|2,1
quartet 93: 1,6|5,2 converted to 3,2|1,0
quartet 94: 1,5|6,2 converted to 3,1|2,0
quartet 95: 1,2|6,5 converted to 3,0|2,1
quartet 96: 1,6|5,2 converted to 3,2|1,0
quartet 97: 1,5|6,2 converted to 3,1|2,0
quartet 98: 1,2|6,5 converted to 3,0|2,1
quartet 99: 1,6|5,2 converted to 3,2|1,0
quartet 100: 1,5|6,2 converted to 3,1|2,0
quartet 101: 1,2|6,5 converted to 3,0|2,1
quartet 102: 1,6|5,2 converted to 3,2|1,0
quartet 103: 1,5|6,2 converted to 3,1|2,0
quartet 104: 1,2|6,5 converted to 3,0|2,1
quartet 105: 1,6|5,2 converted to 3,2|1,0
quartet 106: 1,5|6,2 converted to 3,1|2,0
quartet 107: 1,2|6,5 converted to 3,0|2,1
quartet 108: 1,6|5,2 converted to 3,2|1,0
quartet 109: 1,5|6,2 converted to 3,1|2,0
quartet 110: 1,2|6,5 converted to 3,0|2,1
quartet 111: 1,6|5,2 converted to 3,2|1,0
quartet 112: 1,5|6,2 converted to 3,1|2,0
quartet 113: 1,2|6,5 converted to 3,0|2,1
quartet 114: 1,6|5,2 converted to 3,2|1,0
quartet 115: 1,5|6,2 converted to 3,1|2,0
quartet 116: 1,2|6,5 converted to 3,0|2,1
quartet 117: 1,6|5,2 converted to 3,2|1,0
quartet 118: 1,5|6,2 converted to 3,1|2,0
quartet 119: 1,2|6,5 converted to 3,0|2,1
